INFO: [VRFC 10-2263] Analyzing SystemVerilog file "H:/AES-Implementation/src/project_v2/project_v2.srcs/sources_1/new/AESdecrypt.sv" into library xil_defaultlib
INFO: [VRFC 10-311] analyzing module AESdecrypt
INFO: [VRFC 10-2263] Analyzing SystemVerilog file "H:/AES-Implementation/src/project_v2/project_v2.srcs/sources_1/new/AESencrypt.sv" into library xil_defaultlib
INFO: [VRFC 10-311] analyzing module AESencrypt
INFO: [VRFC 10-2263] Analyzing SystemVerilog file "H:/AES-Implementation/src/project_v2/project_v2.srcs/sources_1/new/AESmain.sv" into library xil_defaultlib
INFO: [VRFC 10-311] analyzing module AESmain
INFO: [VRFC 10-2263] Analyzing SystemVerilog file "H:/AES-Implementation/src/project_v2/project_v2.srcs/sources_1/new/key_expand.sv" into library xil_defaultlib
INFO: [VRFC 10-311] analyzing module key_expand
INFO: [VRFC 10-2263] Analyzing SystemVerilog file "H:/AES-Implementation/src/project_v2/project_v2.srcs/sources_1/new/mixcolumns.sv" into library xil_defaultlib
INFO: [VRFC 10-311] analyzing module mixcolumns
INFO: [VRFC 10-2263] Analyzing SystemVerilog file "H:/AES-Implementation/src/project_v2/project_v2.srcs/sources_1/new/round.sv" into library xil_defaultlib
INFO: [VRFC 10-311] analyzing module round
INFO: [VRFC 10-2263] Analyzing SystemVerilog file "H:/AES-Implementation/src/project_v2/project_v2.srcs/sources_1/new/sbox.sv" into library xil_defaultlib
INFO: [VRFC 10-311] analyzing module sbox
INFO: [VRFC 10-2263] Analyzing SystemVerilog file "H:/AES-Implementation/src/project_v2/project_v2.srcs/sources_1/new/shiftrows.sv" into library xil_defaultlib
INFO: [VRFC 10-311] analyzing module shiftrows
INFO: [VRFC 10-2263] Analyzing SystemVerilog file "H:/AES-Implementation/src/project_v2/project_v2.srcs/sources_1/new/subbytes.sv" into library xil_defaultlib
INFO: [VRFC 10-311] analyzing module subbytes
INFO: [VRFC 10-2263] Analyzing SystemVerilog file "H:/AES-Implementation/src/project_v2/project_v2.srcs/sources_1/new/AEStb.sv" into library xil_defaultlib
INFO: [VRFC 10-311] analyzing module AEStb
