INFO: [VRFC 10-2263] Analyzing SystemVerilog file "C:/Users/Alex/Desktop/Fall 2023 Class stuff/Cyber Security/AES/AES-Implementation/src/project_v2/project_v2.srcs/sources_1/new/AESdecrypt.sv" into library xil_defaultlib
INFO: [VRFC 10-311] analyzing module AESdecrypt
INFO: [VRFC 10-2263] Analyzing SystemVerilog file "C:/Users/Alex/Desktop/Fall 2023 Class stuff/Cyber Security/AES/AES-Implementation/src/project_v2/project_v2.srcs/sources_1/new/AESencrypt.sv" into library xil_defaultlib
INFO: [VRFC 10-311] analyzing module AESencrypt
INFO: [VRFC 10-2263] Analyzing SystemVerilog file "C:/Users/Alex/Desktop/Fall 2023 Class stuff/Cyber Security/AES/AES-Implementation/src/project_v2/project_v2.srcs/sources_1/new/AESmain.sv" into library xil_defaultlib
INFO: [VRFC 10-311] analyzing module AESmain
WARNING: [VRFC 10-9336] redeclaration of ANSI port 'decryptedOutput' is not allowed [C:/Users/Alex/Desktop/Fall 2023 Class stuff/Cyber Security/AES/AES-Implementation/src/project_v2/project_v2.srcs/sources_1/new/AESmain.sv:16]
INFO: [VRFC 10-2263] Analyzing SystemVerilog file "C:/Users/Alex/Desktop/Fall 2023 Class stuff/Cyber Security/AES/AES-Implementation/src/project_v2/project_v2.srcs/sources_1/new/d_round.sv" into library xil_defaultlib
INFO: [VRFC 10-311] analyzing module d_round
INFO: [VRFC 10-2263] Analyzing SystemVerilog file "C:/Users/Alex/Desktop/Fall 2023 Class stuff/Cyber Security/AES/AES-Implementation/src/project_v2/project_v2.srcs/sources_1/new/final_decrypt_round.sv" into library xil_defaultlib
INFO: [VRFC 10-311] analyzing module final_decrypt_round
INFO: [VRFC 10-2263] Analyzing SystemVerilog file "C:/Users/Alex/Desktop/Fall 2023 Class stuff/Cyber Security/AES/AES-Implementation/src/project_v2/project_v2.srcs/sources_1/new/final_encrypt_round.sv" into library xil_defaultlib
INFO: [VRFC 10-311] analyzing module final_encrypt_round
INFO: [VRFC 10-2263] Analyzing SystemVerilog file "C:/Users/Alex/Desktop/Fall 2023 Class stuff/Cyber Security/AES/AES-Implementation/src/project_v2/project_v2.srcs/sources_1/new/invMixColumns.sv" into library xil_defaultlib
INFO: [VRFC 10-311] analyzing module invMixColumns
INFO: [VRFC 10-311] analyzing module mul_9
INFO: [VRFC 10-311] analyzing module mul_11
INFO: [VRFC 10-311] analyzing module mul_13
INFO: [VRFC 10-311] analyzing module mul_14
INFO: [VRFC 10-311] analyzing module mul_9_thru_14
WARNING: [VRFC 10-8895] design contains a SystemVerilog implicit generate region [C:/Users/Alex/Desktop/Fall 2023 Class stuff/Cyber Security/AES/AES-Implementation/src/project_v2/project_v2.srcs/sources_1/new/invMixColumns.sv:117]
WARNING: [VRFC 10-8986] generate block is only allowed inside a loop or conditional generate in SystemVerilog mode [C:/Users/Alex/Desktop/Fall 2023 Class stuff/Cyber Security/AES/AES-Implementation/src/project_v2/project_v2.srcs/sources_1/new/invMixColumns.sv:117]
INFO: [VRFC 10-2263] Analyzing SystemVerilog file "C:/Users/Alex/Desktop/Fall 2023 Class stuff/Cyber Security/AES/AES-Implementation/src/project_v2/project_v2.srcs/sources_1/new/invShiftRows.sv" into library xil_defaultlib
INFO: [VRFC 10-311] analyzing module invShiftRows
INFO: [VRFC 10-2263] Analyzing SystemVerilog file "C:/Users/Alex/Desktop/Fall 2023 Class stuff/Cyber Security/AES/AES-Implementation/src/project_v2/project_v2.srcs/sources_1/new/invSubBytes.sv" into library xil_defaultlib
INFO: [VRFC 10-311] analyzing module invSubBytes
INFO: [VRFC 10-2263] Analyzing SystemVerilog file "C:/Users/Alex/Desktop/Fall 2023 Class stuff/Cyber Security/AES/AES-Implementation/src/project_v2/project_v2.srcs/sources_1/new/inv_sbox.sv" into library xil_defaultlib
INFO: [VRFC 10-311] analyzing module inv_sbox
INFO: [VRFC 10-2263] Analyzing SystemVerilog file "C:/Users/Alex/Desktop/Fall 2023 Class stuff/Cyber Security/AES/AES-Implementation/src/project_v2/project_v2.srcs/sources_1/new/key_expand.sv" into library xil_defaultlib
INFO: [VRFC 10-311] analyzing module key_expand
INFO: [VRFC 10-2263] Analyzing SystemVerilog file "C:/Users/Alex/Desktop/Fall 2023 Class stuff/Cyber Security/AES/AES-Implementation/src/project_v2/project_v2.srcs/sources_1/new/mixcolumns.sv" into library xil_defaultlib
INFO: [VRFC 10-311] analyzing module mixcolumns
INFO: [VRFC 10-311] analyzing module mul_2
INFO: [VRFC 10-311] analyzing module mul_3
INFO: [VRFC 10-311] analyzing module mul_32
WARNING: [VRFC 10-8895] design contains a SystemVerilog implicit generate region [C:/Users/Alex/Desktop/Fall 2023 Class stuff/Cyber Security/AES/AES-Implementation/src/project_v2/project_v2.srcs/sources_1/new/mixcolumns.sv:67]
WARNING: [VRFC 10-8986] generate block is only allowed inside a loop or conditional generate in SystemVerilog mode [C:/Users/Alex/Desktop/Fall 2023 Class stuff/Cyber Security/AES/AES-Implementation/src/project_v2/project_v2.srcs/sources_1/new/mixcolumns.sv:67]
INFO: [VRFC 10-2263] Analyzing SystemVerilog file "C:/Users/Alex/Desktop/Fall 2023 Class stuff/Cyber Security/AES/AES-Implementation/src/project_v2/project_v2.srcs/sources_1/new/round.sv" into library xil_defaultlib
INFO: [VRFC 10-311] analyzing module e_round
INFO: [VRFC 10-2263] Analyzing SystemVerilog file "C:/Users/Alex/Desktop/Fall 2023 Class stuff/Cyber Security/AES/AES-Implementation/src/project_v2/project_v2.srcs/sources_1/new/sbox.sv" into library xil_defaultlib
INFO: [VRFC 10-311] analyzing module sbox
INFO: [VRFC 10-2263] Analyzing SystemVerilog file "C:/Users/Alex/Desktop/Fall 2023 Class stuff/Cyber Security/AES/AES-Implementation/src/project_v2/project_v2.srcs/sources_1/new/shiftrows.sv" into library xil_defaultlib
INFO: [VRFC 10-311] analyzing module shiftrows
INFO: [VRFC 10-2263] Analyzing SystemVerilog file "C:/Users/Alex/Desktop/Fall 2023 Class stuff/Cyber Security/AES/AES-Implementation/src/project_v2/project_v2.srcs/sources_1/new/subbytes.sv" into library xil_defaultlib
INFO: [VRFC 10-311] analyzing module subbytes
INFO: [VRFC 10-2263] Analyzing SystemVerilog file "C:/Users/Alex/Desktop/Fall 2023 Class stuff/Cyber Security/AES/AES-Implementation/src/project_v2/project_v2.srcs/sources_1/new/AEStb.sv" into library xil_defaultlib
INFO: [VRFC 10-311] analyzing module AEStb
